warpSIFT.cpp: In function ‘int main(int, char**)’:
warpSIFT.cpp:182:47: error: invalid user-defined conversion from ‘std::basic_istream<char>::__istream_type {aka std::basic_istream<char>}’ to ‘int’ [-fpermissive]
     int check = denseStream.getline(line, 1028);
                                               ^
In file included from /usr/include/c++/4.8/ios:44:0,
                 from /usr/include/c++/4.8/ostream:38,
                 from /usr/include/c++/4.8/iostream:39,
                 from warpSIFT.cpp:4:
/usr/include/c++/4.8/bits/basic_ios.h:115:7: note: candidate is: std::basic_ios<_CharT, _Traits>::operator void*() const [with _CharT = char; _Traits = std::char_traits<char>] <near match>
       operator void*() const
       ^
/usr/include/c++/4.8/bits/basic_ios.h:115:7: note:   no known conversion for implicit ‘this’ parameter from ‘void*’ to ‘int’
warpSIFT.cpp:192:15: error: invalid user-defined conversion from ‘std::basic_istream<char>::__istream_type {aka std::basic_istream<char>}’ to ‘int’ [-fpermissive]
         check = denseStream.getline(line, 1028);
               ^
In file included from /usr/include/c++/4.8/ios:44:0,
                 from /usr/include/c++/4.8/ostream:38,
                 from /usr/include/c++/4.8/iostream:39,
                 from warpSIFT.cpp:4:
/usr/include/c++/4.8/bits/basic_ios.h:115:7: note: candidate is: std::basic_ios<_CharT, _Traits>::operator void*() const [with _CharT = char; _Traits = std::char_traits<char>] <near match>
       operator void*() const
       ^
/usr/include/c++/4.8/bits/basic_ios.h:115:7: note:   no known conversion for implicit ‘this’ parameter from ‘void*’ to ‘int’
